app/build/outputs/logs/manifest-merger-debug-report.txt
-- Merging decision tree log ---
manifest
ADDED from src/main/AndroidManifest.xml:2:1-104:12
	package
		ADDED from src/main/AndroidManifest.xml:3:5-30
		INJECTED from src/main/AndroidManifest.xml
		INJECTED from src/main/AndroidManifest.xml
	android:versionName
		ADDED from src/main/AndroidManifest.xml:5:5-30
		INJECTED from src/main/AndroidManifest.xml
		INJECTED from src/main/AndroidManifest.xml
	android:versionCode
		ADDED from src/main/AndroidManifest.xml:4:5-28
		INJECTED from src/main/AndroidManifest.xml
		INJECTED from src/main/AndroidManifest.xml
	xmlns:android
		ADDED from src/main/AndroidManifest.xml:2:11-69
uses-permission#android.permission.ACCESS_NETWORK_STATE
ADDED from src/main/AndroidManifest.xml:7:5-79
	android:name
		ADDED from src/main/AndroidManifest.xml:7:22-76
uses-permission#android.permission.INTERNET
ADDED from src/main/AndroidManifest.xml:8:5-67
	android:name
		ADDED from src/main/AndroidManifest.xml:8:22-64
uses-permission#android.permission.WRITE_EXTERNAL_STORAGE
ADDED from src/main/AndroidManifest.xml:9:5-81
	android:name
		ADDED from src/main/AndroidManifest.xml:9:22-78
uses-permission#android.permission.READ_PHONE_STATE
ADDED from src/main/AndroidManifest.xml:10:5-75
	android:name
		ADDED from src/main/AndroidManifest.xml:10:22-72
uses-permission#android.permission.READ_EXTERNAL_STORAGE
ADDED from src/main/AndroidManifest.xml:11:5-80
	android:name
		ADDED from src/main/AndroidManifest.xml:11:22-77
application
ADDED from src/main/AndroidManifest.xml:13:5-102:19
MERGED from [com.android.support:design:24.2.1] AndroidManifest.xml:22:5-20
MERGED from [com.android.support:support-v4:24.2.1] AndroidManifest.xml:25:5-20
MERGED from [com.android.support:support-compat:24.2.1] AndroidManifest.xml:25:5-20
MERGED from [com.android.support:support-media-compat:24.2.1] AndroidManifest.xml:25:5-20
MERGED from [com.android.support:support-core-utils:24.2.1] AndroidManifest.xml:25:5-20
MERGED from [com.android.support:support-core-ui:24.2.1] AndroidManifest.xml:25:5-20
MERGED from [com.android.support:support-fragment:24.2.1] AndroidManifest.xml:25:5-20
MERGED from [com.android.support:appcompat-v7:24.2.1] AndroidManifest.xml:25:5-20
MERGED from [com.android.support:support-vector-drawable:24.2.1] AndroidManifest.xml:23:5-20
MERGED from [com.android.support:animated-vector-drawable:24.2.1] AndroidManifest.xml:22:5-20
MERGED from [com.android.support:cardview-v7:24.2.1] AndroidManifest.xml:22:5-20
	android:label
		ADDED from src/main/AndroidManifest.xml:16:9-41
	android:allowBackup
		ADDED from src/main/AndroidManifest.xml:14:9-35
	android:icon
		ADDED from src/main/AndroidManifest.xml:15:9-43
	android:theme
		ADDED from src/main/AndroidManifest.xml:17:9-40
activity#com.swifta.mats.LoginActivity
ADDED from src/main/AndroidManifest.xml:18:9-27:20
	android:screenOrientation
		ADDED from src/main/AndroidManifest.xml:21:13-49
	android:label
		ADDED from src/main/AndroidManifest.xml:20:13-45
	android:name
		ADDED from src/main/AndroidManifest.xml:19:13-42
intent-filter#android.intent.action.MAIN+android.intent.category.LAUNCHER
ADDED from src/main/AndroidManifest.xml:22:13-26:29
action#android.intent.action.MAIN
ADDED from src/main/AndroidManifest.xml:23:17-69
	android:name
		ADDED from src/main/AndroidManifest.xml:23:25-66
category#android.intent.category.LAUNCHER
ADDED from src/main/AndroidManifest.xml:25:17-77
	android:name
		ADDED from src/main/AndroidManifest.xml:25:27-74
service#com.swifta.mats.service.BackgroundServices
ADDED from src/main/AndroidManifest.xml:29:9-32:52
	android:label
		ADDED from src/main/AndroidManifest.xml:32:13-49
	android:icon
		ADDED from src/main/AndroidManifest.xml:31:13-49
	android:name
		ADDED from src/main/AndroidManifest.xml:30:13-55
activity#com.swifta.mats.HomeFragment
ADDED from src/main/AndroidManifest.xml:34:9-36:59
	android:label
		ADDED from src/main/AndroidManifest.xml:36:13-56
	android:name
		ADDED from src/main/AndroidManifest.xml:35:13-41
activity#com.swifta.mats.WithdrawalFragment
ADDED from src/main/AndroidManifest.xml:37:9-44:20
	android:label
		ADDED from src/main/AndroidManifest.xml:39:13-62
	android:parentActivityName
		ADDED from src/main/AndroidManifest.xml:40:13-55
	android:name
		ADDED from src/main/AndroidManifest.xml:38:13-47
meta-data#android.support.PARENT_ACTIVITY
ADDED from src/main/AndroidManifest.xml:41:13-43:49
	android:value
		ADDED from src/main/AndroidManifest.xml:43:17-46
	android:name
		ADDED from src/main/AndroidManifest.xml:42:17-63
activity#com.swifta.mats.MMOperatorsFragment
ADDED from src/main/AndroidManifest.xml:45:9-52:20
	android:label
		ADDED from src/main/AndroidManifest.xml:47:13-63
	android:parentActivityName
		ADDED from src/main/AndroidManifest.xml:48:13-61
	android:name
		ADDED from src/main/AndroidManifest.xml:46:13-48
activity#com.swifta.mats.forms.WithdrawMMActivity
ADDED from src/main/AndroidManifest.xml:53:9-60:20
	android:label
		ADDED from src/main/AndroidManifest.xml:55:13-63
	android:parentActivityName
		ADDED from src/main/AndroidManifest.xml:56:13-62
	android:name
		ADDED from src/main/AndroidManifest.xml:54:13-53
activity#com.swifta.mats.FloatTransferFragment
ADDED from src/main/AndroidManifest.xml:61:9-68:20
	android:label
		ADDED from src/main/AndroidManifest.xml:63:13-66
	android:parentActivityName
		ADDED from src/main/AndroidManifest.xml:64:13-55
	android:name
		ADDED from src/main/AndroidManifest.xml:62:13-50
activity#com.swifta.mats.forms.DepositFloatActivity
ADDED from src/main/AndroidManifest.xml:69:9-76:20
	android:label
		ADDED from src/main/AndroidManifest.xml:71:13-65
	android:parentActivityName
		ADDED from src/main/AndroidManifest.xml:72:13-64
	android:name
		ADDED from src/main/AndroidManifest.xml:70:13-55
activity#com.swifta.mats.forms.CompleteDepositFloatActivity
ADDED from src/main/AndroidManifest.xml:77:9-84:20
	android:label
		ADDED from src/main/AndroidManifest.xml:79:13-74
	android:parentActivityName
		ADDED from src/main/AndroidManifest.xml:80:13-64
	android:name
		ADDED from src/main/AndroidManifest.xml:78:13-63
activity#com.swifta.mats.AccountActivity
ADDED from src/main/AndroidManifest.xml:85:9-87:62
	android:label
		ADDED from src/main/AndroidManifest.xml:87:13-59
	android:name
		ADDED from src/main/AndroidManifest.xml:86:13-44
activity#com.swifta.mats.MiniStatementFragment
ADDED from src/main/AndroidManifest.xml:88:9-90:69
	android:label
		ADDED from src/main/AndroidManifest.xml:90:13-66
	android:name
		ADDED from src/main/AndroidManifest.xml:89:13-50
activity#com.swifta.mats.forms.CashInActivity
ADDED from src/main/AndroidManifest.xml:91:9-58
	android:name
		ADDED from src/main/AndroidManifest.xml:91:19-55
activity#com.swifta.mats.forms.CompleteCashOutActivity
ADDED from src/main/AndroidManifest.xml:92:9-67
	android:name
		ADDED from src/main/AndroidManifest.xml:92:19-64
activity#com.swifta.mats.forms.CashOutUnregisteredCustomerActivity
ADDED from src/main/AndroidManifest.xml:93:9-79
	android:name
		ADDED from src/main/AndroidManifest.xml:93:19-76
activity#com.swifta.mats.BillPaymentFragment
ADDED from src/main/AndroidManifest.xml:94:9-57
	android:name
		ADDED from src/main/AndroidManifest.xml:94:19-54
activity#com.swifta.mats.ServiceProviderDetailsActivity
ADDED from src/main/AndroidManifest.xml:95:9-68
	android:name
		ADDED from src/main/AndroidManifest.xml:95:19-65
activity#com.swifta.mats.forms.ProcessServiceProviderActivity
ADDED from src/main/AndroidManifest.xml:96:9-74
	android:name
		ADDED from src/main/AndroidManifest.xml:96:19-71
activity#com.swifta.mats.TransactionActivity
ADDED from src/main/AndroidManifest.xml:97:9-57
	android:name
		ADDED from src/main/AndroidManifest.xml:97:19-54
activity#com.swifta.mats.MainActivity
ADDED from src/main/AndroidManifest.xml:98:9-101:59
	android:label
		ADDED from src/main/AndroidManifest.xml:100:13-57
	android:theme
		ADDED from src/main/AndroidManifest.xml:101:13-56
	android:name
		ADDED from src/main/AndroidManifest.xml:99:13-41
uses-sdk
INJECTED from src/main/AndroidManifest.xml reason: use-sdk injection requested
MERGED from [com.android.support:design:24.2.1] AndroidManifest.xml:20:5-43
MERGED from [com.android.support:support-v4:24.2.1] AndroidManifest.xml:21:5-23:54
MERGED from [com.android.support:support-compat:24.2.1] AndroidManifest.xml:21:5-23:58
MERGED from [com.android.support:support-media-compat:24.2.1] AndroidManifest.xml:21:5-23:63
MERGED from [com.android.support:support-core-utils:24.2.1] AndroidManifest.xml:21:5-23:61
MERGED from [com.android.support:support-core-ui:24.2.1] AndroidManifest.xml:21:5-23:58
MERGED from [com.android.support:support-fragment:24.2.1] AndroidManifest.xml:21:5-23:60
MERGED from [com.android.support:appcompat-v7:24.2.1] AndroidManifest.xml:21:5-23:78
MERGED from [com.android.support:support-vector-drawable:24.2.1] AndroidManifest.xml:21:5-43
MERGED from [com.android.support:animated-vector-drawable:24.2.1] AndroidManifest.xml:20:5-44
MERGED from [com.android.support:recyclerview-v7:24.2.1] AndroidManifest.xml:20:5-43
MERGED from [com.android.support:cardview-v7:24.2.1] AndroidManifest.xml:20:5-43
	tools:overrideLibrary
		ADDED from [com.android.support:support-v4:24.2.1] AndroidManifest.xml:23:9-51
	android:targetSdkVersion
		INJECTED from src/main/AndroidManifest.xml
		INJECTED from src/main/AndroidManifest.xml
	android:minSdkVersion
		INJECTED from src/main/AndroidManifest.xml
		INJECTED from src/main/AndroidManifest.xml